<?xml version="1.0" encoding="UTF-8"?>
<testng-results ignored="0" total="9" passed="9" failed="0" skipped="0">
  <reporter-output>
  </reporter-output>
  <suite started-at="2019-12-17T10:58:17 PKT" name="Default suite" finished-at="2019-12-17T10:59:20 PKT" duration-ms="62589">
    <groups>
    </groups>
    <test started-at="2019-12-17T10:58:17 PKT" name="Default test" finished-at="2019-12-17T10:59:20 PKT" duration-ms="62589">
      <class name="All_methods.NewTest">
        <test-method signature="setupTest()[pri:0, instance:All_methods.NewTest@15761df8]" started-at="2019-12-17T10:58:17 PKT" name="setupTest" finished-at="2019-12-17T10:58:30 PKT" duration-ms="13098" status="PASS">
          <reporter-output>
          </reporter-output>
        </test-method> <!-- setupTest -->
        <test-method signature="login()[pri:1, instance:All_methods.NewTest@15761df8]" started-at="2019-12-17T10:58:30 PKT" name="login" finished-at="2019-12-17T10:58:38 PKT" duration-ms="7398" status="PASS">
          <reporter-output>
          </reporter-output>
        </test-method> <!-- login -->
        <test-method signature="Addquicksale()[pri:2, instance:All_methods.NewTest@15761df8]" started-at="2019-12-17T10:58:38 PKT" name="Addquicksale" finished-at="2019-12-17T10:58:52 PKT" duration-ms="14258" status="PASS">
          <reporter-output>
          </reporter-output>
        </test-method> <!-- Addquicksale -->
        <test-method signature="SelectinsuranceCompany()[pri:3, instance:All_methods.NewTest@15761df8]" started-at="2019-12-17T10:58:52 PKT" name="SelectinsuranceCompany" finished-at="2019-12-17T10:58:54 PKT" duration-ms="2245" status="PASS">
          <reporter-output>
          </reporter-output>
        </test-method> <!-- SelectinsuranceCompany -->
        <test-method signature="CustomerInfo()[pri:4, instance:All_methods.NewTest@15761df8]" started-at="2019-12-17T10:58:54 PKT" name="CustomerInfo" finished-at="2019-12-17T10:59:02 PKT" duration-ms="7894" status="PASS">
          <reporter-output>
          </reporter-output>
        </test-method> <!-- CustomerInfo -->
        <test-method signature="Vehicleinfo()[pri:5, instance:All_methods.NewTest@15761df8]" started-at="2019-12-17T10:59:02 PKT" name="Vehicleinfo" finished-at="2019-12-17T10:59:19 PKT" duration-ms="16911" status="PASS">
          <reporter-output>
          </reporter-output>
        </test-method> <!-- Vehicleinfo -->
        <test-method signature="PremiumDetail()[pri:6, instance:All_methods.NewTest@15761df8]" started-at="2019-12-17T10:59:19 PKT" name="PremiumDetail" finished-at="2019-12-17T10:59:19 PKT" duration-ms="343" status="PASS">
          <reporter-output>
          </reporter-output>
        </test-method> <!-- PremiumDetail -->
        <test-method signature="uploadfile()[pri:7, instance:All_methods.NewTest@15761df8]" started-at="2019-12-17T10:59:19 PKT" name="uploadfile" finished-at="2019-12-17T10:59:20 PKT" duration-ms="108" status="PASS">
          <reporter-output>
          </reporter-output>
        </test-method> <!-- uploadfile -->
        <test-method signature="verification()[pri:8, instance:All_methods.NewTest@15761df8]" started-at="2019-12-17T10:59:20 PKT" name="verification" finished-at="2019-12-17T10:59:20 PKT" duration-ms="231" status="PASS">
          <reporter-output>
          </reporter-output>
        </test-method> <!-- verification -->
      </class> <!-- All_methods.NewTest -->
    </test> <!-- Default test -->
  </suite> <!-- Default suite -->
</testng-results>
