<?xml version="1.0" encoding="UTF-8"?>
<testng-results ignored="0" total="1" passed="1" failed="0" skipped="0">
  <reporter-output>
  </reporter-output>
  <suite started-at="2019-12-05T05:14:22Z" name="Default suite" finished-at="2019-12-05T05:14:39Z" duration-ms="17232">
    <groups>
    </groups>
    <test started-at="2019-12-05T05:14:22Z" name="Default test" finished-at="2019-12-05T05:14:39Z" duration-ms="17232">
      <class name="firsttestngpackage.NewTest">
        <test-method signature="verifyHomepageTitle()[pri:0, instance:firsttestngpackage.NewTest@2ea6137]" started-at="2019-12-05T10:14:22Z" name="verifyHomepageTitle" finished-at="2019-12-05T10:14:39Z" duration-ms="17207" status="PASS">
          <reporter-output>
          </reporter-output>
        </test-method> <!-- verifyHomepageTitle -->
      </class> <!-- firsttestngpackage.NewTest -->
    </test> <!-- Default test -->
  </suite> <!-- Default suite -->
</testng-results>
