<?xml version="1.0" encoding="UTF-8"?>
<testng-results ignored="0" total="6" passed="6" failed="0" skipped="0">
  <reporter-output>
  </reporter-output>
  <suite started-at="2019-12-19T10:18:32 PKT" name="Default suite" finished-at="2019-12-19T10:19:29 PKT" duration-ms="56762">
    <groups>
    </groups>
    <test started-at="2019-12-19T10:18:32 PKT" name="Default test" finished-at="2019-12-19T10:19:29 PKT" duration-ms="56762">
      <class name="Alainmethods.Comprehensive">
        <test-method signature="setupTest()[pri:0, instance:Alainmethods.Comprehensive@13acb0d1]" started-at="2019-12-19T10:18:32 PKT" name="setupTest" finished-at="2019-12-19T10:18:53 PKT" duration-ms="20475" status="PASS">
          <reporter-output>
          </reporter-output>
        </test-method> <!-- setupTest -->
        <test-method signature="login()[pri:1, instance:Alainmethods.Comprehensive@13acb0d1]" started-at="2019-12-19T10:18:53 PKT" name="login" finished-at="2019-12-19T10:18:59 PKT" duration-ms="5831" status="PASS">
          <reporter-output>
          </reporter-output>
        </test-method> <!-- login -->
        <test-method signature="Addquicksale()[pri:2, instance:Alainmethods.Comprehensive@13acb0d1]" started-at="2019-12-19T10:18:59 PKT" name="Addquicksale" finished-at="2019-12-19T10:19:14 PKT" duration-ms="14995" status="PASS">
          <reporter-output>
          </reporter-output>
        </test-method> <!-- Addquicksale -->
        <test-method signature="SelectinsuranceCompany()[pri:3, instance:Alainmethods.Comprehensive@13acb0d1]" started-at="2019-12-19T10:19:14 PKT" name="SelectinsuranceCompany" finished-at="2019-12-19T10:19:17 PKT" duration-ms="3542" status="PASS">
          <reporter-output>
          </reporter-output>
        </test-method> <!-- SelectinsuranceCompany -->
        <test-method signature="CustomerInfo()[pri:4, instance:Alainmethods.Comprehensive@13acb0d1]" started-at="2019-12-19T10:19:17 PKT" name="CustomerInfo" finished-at="2019-12-19T10:19:20 PKT" duration-ms="3151" status="PASS">
          <reporter-output>
          </reporter-output>
        </test-method> <!-- CustomerInfo -->
        <test-method signature="checkpolicy()[pri:10, instance:Alainmethods.Comprehensive@13acb0d1]" started-at="2019-12-19T10:19:20 PKT" name="checkpolicy" finished-at="2019-12-19T10:19:29 PKT" duration-ms="8707" status="PASS">
          <reporter-output>
          </reporter-output>
        </test-method> <!-- checkpolicy -->
      </class> <!-- Alainmethods.Comprehensive -->
    </test> <!-- Default test -->
  </suite> <!-- Default suite -->
</testng-results>
