<?xml version="1.0" encoding="UTF-8"?>
<!-- Generated by org.testng.reporters.JUnitXMLReporter -->
<testsuite ignored="5" hostname="DESKTOP-27PLT8U" failures="0" tests="6" name="Test" time="50.2" errors="0" timestamp="2019-12-19T12:23:39 PKT">
  <testcase classname="AlainAhlia.Groupmethods" name="setupTest" time="16.994"/>
  <testcase classname="AlainAhlia.Groupmethods" name="login" time="6.687"/>
  <testcase classname="AlainAhlia.Groupmethods" name="Addquicksale" time="11.367"/>
  <testcase classname="AlainAhlia.Groupmethods" name="SelectinsuranceCompany" time="2.466"/>
  <testcase classname="AlainAhlia.Groupmethods" name="CustomerInfo" time="7.988"/>
  <testcase classname="AlainAhlia.Groupmethods" name="checkpolicy" time="4.553"/>
  <testcase classname="AlainAhlia.Groupmethods" name="uploadfile" time="0.0">
    <ignored/>
  </testcase> <!-- uploadfile -->
  <testcase classname="AlainAhlia.Groupmethods" name="Vehicleinfo" time="0.0">
    <ignored/>
  </testcase> <!-- Vehicleinfo -->
  <testcase classname="AlainAhlia.Groupmethods" name="buypolicy" time="0.0">
    <ignored/>
  </testcase> <!-- buypolicy -->
  <testcase classname="AlainAhlia.Groupmethods" name="verification" time="0.0">
    <ignored/>
  </testcase> <!-- verification -->
  <testcase classname="AlainAhlia.Groupmethods" name="PremiumDetail" time="0.0">
    <ignored/>
  </testcase> <!-- PremiumDetail -->
</testsuite> <!-- Test -->
