<?xml version="1.0" encoding="UTF-8"?>
<testng-results ignored="0" total="1" passed="1" failed="0" skipped="0">
  <reporter-output>
  </reporter-output>
  <suite started-at="2019-12-06T10:36:46Z" name="Default suite" finished-at="2019-12-06T10:36:55Z" duration-ms="9904">
    <groups>
    </groups>
    <test started-at="2019-12-06T10:36:46Z" name="Default test" finished-at="2019-12-06T10:36:55Z" duration-ms="9904">
      <class name="TestNGpackage.OmanApi">
        <test-method signature="setupTest()[pri:0, instance:TestNGpackage.OmanApi@2ea6137]" started-at="2019-12-06T15:36:46Z" name="setupTest" finished-at="2019-12-06T15:36:55Z" duration-ms="9887" status="PASS">
          <reporter-output>
          </reporter-output>
        </test-method> <!-- setupTest -->
      </class> <!-- TestNGpackage.OmanApi -->
    </test> <!-- Default test -->
  </suite> <!-- Default suite -->
</testng-results>
