<?xml version="1.0" encoding="UTF-8"?>
<!-- Generated by org.testng.reporters.JUnitXMLReporter -->
<testsuite ignored="0" hostname="DESKTOP-27PLT8U" failures="0" tests="6" name="Default test" time="56.762" errors="0" timestamp="2019-12-19T10:19:33 PKT">
  <testcase classname="Alainmethods.Comprehensive" name="setupTest" time="20.475"/>
  <testcase classname="Alainmethods.Comprehensive" name="login" time="5.831"/>
  <testcase classname="Alainmethods.Comprehensive" name="Addquicksale" time="14.995"/>
  <testcase classname="Alainmethods.Comprehensive" name="SelectinsuranceCompany" time="3.542"/>
  <testcase classname="Alainmethods.Comprehensive" name="CustomerInfo" time="3.151"/>
  <testcase classname="Alainmethods.Comprehensive" name="checkpolicy" time="8.707"/>
</testsuite> <!-- Default test -->
