<?xml version="1.0" encoding="UTF-8"?>
<testng-results ignored="0" total="1" passed="1" failed="0" skipped="0">
  <reporter-output>
  </reporter-output>
  <suite started-at="2019-12-17T10:45:25 PKT" name="Suite" finished-at="2019-12-17T10:45:44 PKT" duration-ms="19403">
    <groups>
    </groups>
    <test started-at="2019-12-17T10:45:25 PKT" name="Test" finished-at="2019-12-17T10:45:44 PKT" duration-ms="19403">
      <class name="example.NewTest">
        <test-method is-config="true" signature="beforeTest()[pri:0, instance:example.NewTest@77847718]" started-at="2019-12-17T10:45:25 PKT" name="beforeTest" finished-at="2019-12-17T10:45:34 PKT" duration-ms="9175" status="PASS">
          <reporter-output>
          </reporter-output>
        </test-method> <!-- beforeTest -->
        <test-method signature="testEasy()[pri:0, instance:example.NewTest@77847718]" started-at="2019-12-17T10:45:34 PKT" name="testEasy" finished-at="2019-12-17T10:45:43 PKT" duration-ms="9158" status="PASS">
          <reporter-output>
          </reporter-output>
        </test-method> <!-- testEasy -->
        <test-method is-config="true" signature="afterTest()[pri:0, instance:example.NewTest@77847718]" started-at="2019-12-17T10:45:43 PKT" name="afterTest" finished-at="2019-12-17T10:45:44 PKT" duration-ms="1036" status="PASS">
          <reporter-output>
          </reporter-output>
        </test-method> <!-- afterTest -->
      </class> <!-- example.NewTest -->
    </test> <!-- Test -->
  </suite> <!-- Suite -->
</testng-results>
