<?xml version="1.0" encoding="UTF-8"?>
<testng-results ignored="0" total="1" passed="1" failed="0" skipped="0">
  <reporter-output>
  </reporter-output>
  <suite started-at="2019-12-12T12:17:15Z" name="Suite" finished-at="2019-12-12T12:17:33Z" duration-ms="17504">
    <groups>
    </groups>
    <test started-at="2019-12-12T12:17:15Z" name="Test" finished-at="2019-12-12T12:17:33Z" duration-ms="17504">
      <class name="example.NewTest">
        <test-method is-config="true" signature="beforeTest()[pri:0, instance:example.NewTest@306cf3ea]" started-at="2019-12-12T17:17:15Z" name="beforeTest" finished-at="2019-12-12T17:17:22Z" duration-ms="6972" status="PASS">
          <reporter-output>
          </reporter-output>
        </test-method> <!-- beforeTest -->
        <test-method signature="testEasy()[pri:0, instance:example.NewTest@306cf3ea]" started-at="2019-12-12T17:17:22Z" name="testEasy" finished-at="2019-12-12T17:17:32Z" duration-ms="9406" status="PASS">
          <reporter-output>
          </reporter-output>
        </test-method> <!-- testEasy -->
        <test-method is-config="true" signature="afterTest()[pri:0, instance:example.NewTest@306cf3ea]" started-at="2019-12-12T17:17:32Z" name="afterTest" finished-at="2019-12-12T17:17:33Z" duration-ms="1107" status="PASS">
          <reporter-output>
          </reporter-output>
        </test-method> <!-- afterTest -->
      </class> <!-- example.NewTest -->
    </test> <!-- Test -->
  </suite> <!-- Suite -->
</testng-results>
